pastel_depo/build/intermediates/manifest_merge_blame_file/release/manifest-merger-blame-release-report.txt
1<?xml version="1.0" encoding="utf-8"?>
2<manifest xmlns:android="http://schemas.android.com/apk/res/android"
3    package="com.pastelyazilim.depo"
4    android:versionCode="7"
5    android:versionName="7" >
6
7    <uses-sdk
8        android:minSdkVersion="14"
8-->src\main\AndroidManifest.xml
9        android:targetSdkVersion="34" />
9-->src\main\AndroidManifest.xml
10
11    <uses-permission android:name="android.permission.CAMERA" />
11-->src\main\AndroidManifest.xml:6:5-64
11-->src\main\AndroidManifest.xml:6:22-62
12
13    <uses-feature android:name="android.hardware.camera" />
13-->src\main\AndroidManifest.xml:8:5-59
13-->src\main\AndroidManifest.xml:8:19-57
14    <uses-feature android:name="android.hardware.camera.autofocus" />
14-->src\main\AndroidManifest.xml:9:5-69
14-->src\main\AndroidManifest.xml:9:19-67
15
16    <uses-permission android:name="android.permission.INTERNET" />
16-->src\main\AndroidManifest.xml:11:5-66
16-->src\main\AndroidManifest.xml:11:22-64
17    <uses-permission android:name="android.permission.WRITE_EXTERNAL_STORAGE" />
17-->src\main\AndroidManifest.xml:12:5-80
17-->src\main\AndroidManifest.xml:12:22-78
18    <uses-permission android:name="android.permission.READ_EXTERNAL_STORAGE" />
18-->src\main\AndroidManifest.xml:13:5-79
18-->src\main\AndroidManifest.xml:13:22-77
19    <uses-permission android:name="android.permission.ACCESS_NETWORK_STATE" />
19-->src\main\AndroidManifest.xml:14:5-78
19-->src\main\AndroidManifest.xml:14:22-76
20
21    <application
21-->src\main\AndroidManifest.xml:16:5-78:19
22        android:name="com.pastelyazilim.depo.Global.GlobalClass"
22-->src\main\AndroidManifest.xml:17:9-43
23        android:allowBackup="true"
23-->src\main\AndroidManifest.xml:18:9-35
24        android:appComponentFactory="androidx.core.app.CoreComponentFactory"
24-->[androidx.core:core:1.3.1] AndroidManifest.xml:24:18-86
25        android:icon="@drawable/ic_launcher"
25-->src\main\AndroidManifest.xml:19:9-45
26        android:label="@string/app_name"
26-->src\main\AndroidManifest.xml:20:9-41
27        android:largeHeap="true"
27-->src\main\AndroidManifest.xml:21:9-33
28        android:supportsRtl="true"
28-->src\main\AndroidManifest.xml:22:9-35
29        android:theme="@style/Garson_Theme" >
29-->src\main\AndroidManifest.xml:23:9-44
30        <activity
30-->src\main\AndroidManifest.xml:26:9-29:20
31            android:name="com.pastelyazilim.depo.UIActivity.LoginActivity"
31-->src\main\AndroidManifest.xml:27:13-53
32            android:configChanges="orientation|screenSize|keyboardHidden" >
32-->src\main\AndroidManifest.xml:28:13-74
33        </activity>
34        <activity
34-->src\main\AndroidManifest.xml:30:9-33:20
35            android:name="com.pastelyazilim.depo.Barkod.Barkod"
35-->src\main\AndroidManifest.xml:31:13-42
36            android:configChanges="orientation|screenSize|keyboardHidden" >
36-->src\main\AndroidManifest.xml:32:13-74
37        </activity>
38        <activity
38-->src\main\AndroidManifest.xml:34:9-44:20
39            android:name="com.pastelyazilim.depo.UIActivity.ConnectDialogActivity"
39-->src\main\AndroidManifest.xml:35:13-61
40            android:configChanges="orientation|screenSize|keyboardHidden"
40-->src\main\AndroidManifest.xml:36:13-74
41            android:exported="true" >
41-->src\main\AndroidManifest.xml:37:13-36
42            <intent-filter>
42-->src\main\AndroidManifest.xml:39:13-43:29
43                <action android:name="android.intent.action.MAIN" />
43-->src\main\AndroidManifest.xml:40:17-68
43-->src\main\AndroidManifest.xml:40:25-66
44
45                <category android:name="android.intent.category.LAUNCHER" />
45-->src\main\AndroidManifest.xml:42:17-76
45-->src\main\AndroidManifest.xml:42:27-74
46            </intent-filter>
47        </activity>
48        <activity
48-->src\main\AndroidManifest.xml:47:9-50:20
49            android:name="com.pastelyazilim.depo.zbar.MainActivity"
49-->src\main\AndroidManifest.xml:47:19-52
50            android:label="@string/app_name"
50-->src\main\AndroidManifest.xml:49:19-51
51            android:theme="@style/AppTheme" >
51-->src\main\AndroidManifest.xml:48:19-50
52        </activity>
53        <activity
53-->src\main\AndroidManifest.xml:53:9-59:20
54            android:name="com.pastelyazilim.depo.zbar.FullScannerActivity"
54-->src\main\AndroidManifest.xml:53:19-59
55            android:label="@string/scanner_activity"
55-->src\main\AndroidManifest.xml:56:19-59
56            android:theme="@style/AppOverlayTheme"
56-->src\main\AndroidManifest.xml:54:19-57
57            android:uiOptions="splitActionBarWhenNarrow" >
57-->src\main\AndroidManifest.xml:55:19-63
58            <meta-data
58-->src\main\AndroidManifest.xml:57:13-58:67
59                android:name="android.support.UI_OPTIONS"
59-->src\main\AndroidManifest.xml:57:24-65
60                android:value="splitActionBarWhenNarrow" />
60-->src\main\AndroidManifest.xml:58:24-64
61        </activity>
62        <activity
62-->src\main\AndroidManifest.xml:61:9-67:20
63            android:name="com.pastelyazilim.depo.zbar.FullScannerFragmentActivity"
63-->src\main\AndroidManifest.xml:61:19-67
64            android:label="@string/scanner_fragment_activity"
64-->src\main\AndroidManifest.xml:64:19-68
65            android:theme="@style/AppOverlayTheme"
65-->src\main\AndroidManifest.xml:62:19-57
66            android:uiOptions="splitActionBarWhenNarrow" >
66-->src\main\AndroidManifest.xml:63:19-63
67            <meta-data
67-->src\main\AndroidManifest.xml:57:13-58:67
68                android:name="android.support.UI_OPTIONS"
68-->src\main\AndroidManifest.xml:57:24-65
69                android:value="splitActionBarWhenNarrow" />
69-->src\main\AndroidManifest.xml:58:24-64
70        </activity>
71        <activity
71-->src\main\AndroidManifest.xml:69:9-72:20
72            android:name="com.pastelyazilim.depo.zbar.SimpleScannerActivity"
72-->src\main\AndroidManifest.xml:69:19-61
73            android:label="@string/simple_scanner_activity"
73-->src\main\AndroidManifest.xml:71:19-66
74            android:theme="@style/AppOverlayTheme" >
74-->src\main\AndroidManifest.xml:70:19-57
75        </activity>
76        <activity
76-->src\main\AndroidManifest.xml:74:9-77:20
77            android:name="com.pastelyazilim.depo.zbar.SimpleScannerFragmentActivity"
77-->src\main\AndroidManifest.xml:74:19-69
78            android:label="@string/simple_scanner_fragment_activity"
78-->src\main\AndroidManifest.xml:76:19-75
79            android:theme="@style/AppOverlayTheme" >
79-->src\main\AndroidManifest.xml:75:19-57
80        </activity>
81        <activity
81-->[com.nabinbhandari.android:permissions:3.8] AndroidManifest.xml:12:9-14:67
82            android:name="com.nabinbhandari.android.permissions.PermissionsActivity"
82-->[com.nabinbhandari.android:permissions:3.8] AndroidManifest.xml:13:13-85
83            android:theme="@style/Permissions.TransparentTheme" />
83-->[com.nabinbhandari.android:permissions:3.8] AndroidManifest.xml:14:13-64
84    </application>
85
86</manifest>